<?xml version="1.0" encoding="UTF-8"?>
<testsuite name="org.skillhub.controller.EmployeeEvaluationControllerTest" tests="1" skipped="0" failures="0" errors="0" timestamp="2023-03-11T19:37:24" hostname="david.local" time="0.492">
  <properties/>
  <testcase name="testGetAllEmployeeByPerfectMatch()" classname="org.skillhub.controller.EmployeeEvaluationControllerTest" time="0.492"/>
  <system-out><![CDATA[2023-03-11T23:37:22.183+04:00  WARN 14556 --- [    Test worker] ory$DuplicateJsonObjectContextCustomizer : 

Found multiple occurrences of org.json.JSONObject on the class path:

	jar:file:/Users/David/.gradle/caches/modules-2/files-2.1/org.json/json/20220320/6df2c050972619466f6dcef7654ef9bcc01dfd0/json-20220320.jar!/org/json/JSONObject.class
	jar:file:/Users/David/.gradle/caches/modules-2/files-2.1/com.vaadin.external.google/android-json/0.0.20131108.vaadin1/fa26d351fe62a6a17f5cda1287c1c6110dec413f/android-json-0.0.20131108.vaadin1.jar!/org/json/JSONObject.class

You may wish to exclude one of them to ensure predictable runtime behavior

2023-03-11T23:37:22.201+04:00  INFO 14556 --- [    Test worker] o.s.c.EmployeeEvaluationControllerTest   : Starting EmployeeEvaluationControllerTest using Java 17.0.1 with PID 14556 (started by userr in /Users/David/Desktop/david/University/Final Project/skillhub-backend/skillhub-backend/app)
2023-03-11T23:37:22.207+04:00  INFO 14556 --- [    Test worker] o.s.c.EmployeeEvaluationControllerTest   : No active profile set, falling back to 1 default profile: "default"
2023-03-11T23:37:23.800+04:00  WARN 14556 --- [    Test worker] .s.s.UserDetailsServiceAutoConfiguration : 

Using generated security password: 78d14304-e084-4d92-9e81-056ee60428df

This generated password is for development use only. Your security configuration must be updated before running your application in production.

2023-03-11T23:37:23.921+04:00  INFO 14556 --- [    Test worker] o.s.s.w.DefaultSecurityFilterChain       : Will secure any request with [org.springframework.security.web.session.DisableEncodeUrlFilter@68d6f48e, org.springframework.security.web.context.request.async.WebAsyncManagerIntegrationFilter@6c96403e, org.springframework.security.web.context.SecurityContextHolderFilter@2774dcf4, org.springframework.security.web.header.HeaderWriterFilter@43588265, org.springframework.security.web.csrf.CsrfFilter@38089dae, org.springframework.security.web.authentication.logout.LogoutFilter@27bb4dc5, org.springframework.security.web.authentication.UsernamePasswordAuthenticationFilter@42aa1324, org.springframework.security.web.authentication.ui.DefaultLoginPageGeneratingFilter@12fccff0, org.springframework.security.web.authentication.ui.DefaultLogoutPageGeneratingFilter@7babed9e, org.springframework.security.web.authentication.www.BasicAuthenticationFilter@72eed547, org.springframework.security.web.savedrequest.RequestCacheAwareFilter@7c5f29c6, org.springframework.security.web.servletapi.SecurityContextHolderAwareRequestFilter@61ab6521, org.springframework.security.web.authentication.AnonymousAuthenticationFilter@2353354a, org.springframework.security.web.access.ExceptionTranslationFilter@4c56644f, org.springframework.security.web.access.intercept.AuthorizationFilter@5b7308aa]
2023-03-11T23:37:23.968+04:00  INFO 14556 --- [    Test worker] o.s.b.t.m.w.SpringBootMockServletContext : Initializing Spring TestDispatcherServlet ''
2023-03-11T23:37:23.969+04:00  INFO 14556 --- [    Test worker] o.s.t.w.s.TestDispatcherServlet          : Initializing Servlet ''
2023-03-11T23:37:23.971+04:00  INFO 14556 --- [    Test worker] o.s.t.w.s.TestDispatcherServlet          : Completed initialization in 2 ms
2023-03-11T23:37:23.995+04:00  INFO 14556 --- [    Test worker] o.s.c.EmployeeEvaluationControllerTest   : Started EmployeeEvaluationControllerTest in 2.374 seconds (process running for 3.738)

MockHttpServletRequest:
      HTTP Method = GET
      Request URI = /SkillHub/employee/perfectMatch
       Parameters = {}
          Headers = [Authorization:"Bearer eyJhbGciOiJIUzI1NiJ9.eyJzdWIiOiJNeVVzZXJuYW1lIiwiaWF0IjoxNjc4NTYzNDQ0LCJleHAiOjE2Nzg3MDc0NDR9.vKjveKA9a9B6Di4aOXWYy4p7p4rTaNZ1VzS2lbhjyxM"]
             Body = null
    Session Attrs = {SPRING_SECURITY_SAVED_REQUEST=DefaultSavedRequest [http://localhost/SkillHub/employee/perfectMatch?continue]}

Handler:
             Type = null

Async:
    Async started = false
     Async result = null

Resolved Exception:
             Type = null

ModelAndView:
        View name = null
             View = null
            Model = null

FlashMap:
       Attributes = null

MockHttpServletResponse:
           Status = 401
    Error message = Unauthorized
          Headers = [WWW-Authenticate:"Basic realm="Realm"", X-Content-Type-Options:"nosniff", X-XSS-Protection:"0", Cache-Control:"no-cache, no-store, max-age=0, must-revalidate", Pragma:"no-cache", Expires:"0", X-Frame-Options:"DENY"]
     Content type = null
             Body = 
    Forwarded URL = null
   Redirected URL = null
          Cookies = []
]]></system-out>
  <system-err><![CDATA[]]></system-err>
</testsuite>
